d:/python/python.exe : [I 2026-05-15 20:23:22,128] A new study created in memor
y with name: no-name-9a3c1579-b944-47b9-84d0-d6a8c0b5b3fb
所在位置 行:1 字符: 1
+ d:/python/python.exe optimize_xgb_optuna.py > optuna_run.log 2>&1
+ ~~~~~~~~~~~~~~~~~~~~~~~~~~~~~~~~~~~~~~~~~~~~~~~~~~~~~~~~~~~~~~~~~
    + CategoryInfo          : NotSpecified: ([I 2026-05-15 2...d0-d6a8c0b5b3fb 
   :String) [], RemoteException
    + FullyQualifiedErrorId : NativeCommandError
 
[I 2026-05-15 20:23:24,642] Trial 0 finished with value: 0.1809201454815733 and
 parameters: {'learning_rate': 0.020470376943992785, 'max_depth': 5, 'subsample
': 0.7447864408340225, 'colsample_bytree': 0.618880095271423, 'min_child_weight
': 3, 'gamma': 1.5116067968174214, 'reg_alpha': 4.665986884016798, 'reg_lambda'
: 11.14422835043201}. Best is trial 0 with value: 0.1809201454815733.
[I 2026-05-15 20:23:25,023] Trial 1 finished with value: 0.2232455581866929 and
 parameters: {'learning_rate': 0.06010684823248105, 'max_depth': 8, 'subsample'
: 0.6292052965522873, 'colsample_bytree': 0.9462565793649942, 'min_child_weight
': 8, 'gamma': 3.2728971788525225, 'reg_alpha': 9.340396969819112, 'reg_lambda'
: 18.356833018333766}. Best is trial 0 with value: 0.1809201454815733.
[I 2026-05-15 20:23:25,623] Trial 2 finished with value: 0.20953209708252274 an
d parameters: {'learning_rate': 0.01927849893804274, 'max_depth': 7, 'subsample
': 0.622730643978741, 'colsample_bytree': 0.8758041570218893, 'min_child_weight
': 6, 'gamma': 2.4981986366877678, 'reg_alpha': 7.234701269475883, 'reg_lambda'
: 15.490374124714586}. Best is trial 0 with value: 0.1809201454815733.
[I 2026-05-15 20:23:25,881] Trial 3 finished with value: 0.19942363022084336 an
d parameters: {'learning_rate': 0.08612568930464282, 'max_depth': 3, 'subsample
': 0.7988423200968132, 'colsample_bytree': 0.7731152643712377, 'min_child_weigh
t': 4, 'gamma': 2.2201601227469547, 'reg_alpha': 8.019983163782147, 'reg_lambda
': 10.892699574305343}. Best is trial 0 with value: 0.1809201454815733.
[I 2026-05-15 20:23:26,128] Trial 4 finished with value: 0.19751820519192975 an
d parameters: {'learning_rate': 0.19308061134645063, 'max_depth': 7, 'subsample
': 0.6700285064492618, 'colsample_bytree': 0.9779291645242166, 'min_child_weigh
t': 1, 'gamma': 3.705336560470939, 'reg_alpha': 1.8349735914465548, 'reg_lambda
': 10.122693247435818}. Best is trial 0 with value: 0.1809201454815733.
[I 2026-05-15 20:23:27,088] Trial 5 finished with value: 0.17939046311053383 an
d parameters: {'learning_rate': 0.030146820388336194, 'max_depth': 7, 'subsampl
e': 0.798385473223541, 'colsample_bytree': 0.6151415219979446, 'min_child_weigh
t': 10, 'gamma': 0.7063553659634858, 'reg_alpha': 9.237931692122816, 'reg_lambd
a': 8.938619448950929}. Best is trial 5 with value: 0.17939046311053383.
[I 2026-05-15 20:23:27,350] Trial 6 finished with value: 0.19399490555484894 an
d parameters: {'learning_rate': 0.06578540082261088, 'max_depth': 4, 'subsample
': 0.915389332297561, 'colsample_bytree': 0.7051266102034672, 'min_child_weight
': 10, 'gamma': 2.6319318330989145, 'reg_alpha': 5.069141191893463, 'reg_lambda
': 15.31582886946641}. Best is trial 5 with value: 0.17939046311053383.
[I 2026-05-15 20:23:27,575] Trial 7 finished with value: 0.20815347787276542 an
d parameters: {'learning_rate': 0.09027340956483978, 'max_depth': 7, 'subsample
': 0.8795455782446124, 'colsample_bytree': 0.6831448529562653, 'min_child_weigh
t': 6, 'gamma': 3.2530380511936214, 'reg_alpha': 8.61778525196657, 'reg_lambda'
: 12.866282187927034}. Best is trial 5 with value: 0.17939046311053383.
[I 2026-05-15 20:23:28,076] Trial 8 finished with value: 0.2218703273853399 and
 parameters: {'learning_rate': 0.04206691297682616, 'max_depth': 3, 'subsample'
: 0.7231825666810072, 'colsample_bytree': 0.7050451701532334, 'min_child_weight
': 5, 'gamma': 4.7292044699214735, 'reg_alpha': 8.061402740674435, 'reg_lambda'
: 7.296869158381629}. Best is trial 5 with value: 0.17939046311053383.
[I 2026-05-15 20:23:29,267] Trial 9 finished with value: 0.15948355800938313 an
d parameters: {'learning_rate': 0.020254527038831613, 'max_depth': 8, 'subsampl
e': 0.880085179667484, 'colsample_bytree': 0.7989587663084734, 'min_child_weigh
t': 2, 'gamma': 0.13794176586867268, 'reg_alpha': 8.217023239843517, 'reg_lambd
a': 12.366117571626843}. Best is trial 9 with value: 0.15948355800938313.
[I 2026-05-15 20:23:30,427] Trial 10 finished with value: 0.1426821355435593 an
d parameters: {'learning_rate': 0.018489079158526506, 'max_depth': 8, 'subsampl
e': 0.9604764699052022, 'colsample_bytree': 0.84528987366988, 'min_child_weight
': 1, 'gamma': 0.401250279998703, 'reg_alpha': 0.03168804255358726, 'reg_lambda
': 3.0935768943561586}. Best is trial 10 with value: 0.1426821355435593.
[I 2026-05-15 20:23:32,138] Trial 11 finished with value: 0.13681760111815522 a
nd parameters: {'learning_rate': 0.010473116467178026, 'max_depth': 8, 'subsamp
le': 0.9881550019973288, 'colsample_bytree': 0.8437488118876374, 'min_child_wei
ght': 1, 'gamma': 0.042082355080409084, 'reg_alpha': 1.1574941807543295, 'reg_l
ambda': 1.5686889587864403}. Best is trial 11 with value: 0.13681760111815522.
[I 2026-05-15 20:23:33,877] Trial 12 finished with value: 0.13678565424262357 a
nd parameters: {'learning_rate': 0.010453203930713185, 'max_depth': 6, 'subsamp
le': 0.9780898582795077, 'colsample_bytree': 0.8627752522883626, 'min_child_wei
ght': 1, 'gamma': 0.018516969302931674, 'reg_alpha': 0.31252233449634226, 'reg_
lambda': 1.090495193342322}. Best is trial 12 with value: 0.13678565424262357.
[I 2026-05-15 20:23:35,100] Trial 13 finished with value: 0.1584864891731576 an
d parameters: {'learning_rate': 0.0104204783540117, 'max_depth': 6, 'subsample'
: 0.9982315950006221, 'colsample_bytree': 0.9001737230167176, 'min_child_weight
': 3, 'gamma': 1.1318698099380629, 'reg_alpha': 0.465990668437929, 'reg_lambda'
: 1.915185514313368}. Best is trial 12 with value: 0.13678565424262357.
[I 2026-05-15 20:23:36,021] Trial 14 finished with value: 0.1707916048888592 an
d parameters: {'learning_rate': 0.011428398559496076, 'max_depth': 5, 'subsampl
e': 0.9939402177704976, 'colsample_bytree': 0.8357843859223382, 'min_child_weig
ht': 1, 'gamma': 1.5060687815503302, 'reg_alpha': 2.3042923877133568, 'reg_lamb
da': 5.393255890975114}. Best is trial 12 with value: 0.13678565424262357.
[I 2026-05-15 20:23:37,194] Trial 15 finished with value: 0.1577576607906383 an
d parameters: {'learning_rate': 0.014462853676242813, 'max_depth': 6, 'subsampl
e': 0.9299132719816555, 'colsample_bytree': 0.762658785334018, 'min_child_weigh
t': 3, 'gamma': 0.8505787870352965, 'reg_alpha': 2.213883318968321, 'reg_lambda
': 4.468189178217287}. Best is trial 12 with value: 0.13678565424262357.
[I 2026-05-15 20:23:38,531] Trial 16 finished with value: 0.13629574657020913 a
nd parameters: {'learning_rate': 0.029961626391369713, 'max_depth': 6, 'subsamp
le': 0.8602348263611564, 'colsample_bytree': 0.9178852303272079, 'min_child_wei
ght': 2, 'gamma': 0.011524756836262934, 'reg_alpha': 3.8349510588049363, 'reg_l
ambda': 1.0037700948314139}. Best is trial 16 with value: 0.13629574657020913.
[I 2026-05-15 20:23:39,105] Trial 17 finished with value: 0.1781255402375937 an
d parameters: {'learning_rate': 0.03243329598591448, 'max_depth': 6, 'subsample
': 0.8506977230241223, 'colsample_bytree': 0.9306735479263731, 'min_child_weigh
t': 4, 'gamma': 1.7717474252278342, 'reg_alpha': 3.842666164048145, 'reg_lambda
': 6.557553620857698}. Best is trial 16 with value: 0.13629574657020913.
[I 2026-05-15 20:23:39,375] Trial 18 finished with value: 0.1658197915390752 an
d parameters: {'learning_rate': 0.18495459033446676, 'max_depth': 5, 'subsample
': 0.8594884862897385, 'colsample_bytree': 0.981626889229013, 'min_child_weight
': 2, 'gamma': 0.5845919039658574, 'reg_alpha': 6.077701092161865, 'reg_lambda'
: 1.1508058222577555}. Best is trial 16 with value: 0.13629574657020913.
[I 2026-05-15 20:23:39,819] Trial 19 finished with value: 0.20389227653934658 a
nd parameters: {'learning_rate': 0.03103084532182021, 'max_depth': 4, 'subsampl
e': 0.9421511288585391, 'colsample_bytree': 0.903118159210309, 'min_child_weigh
t': 8, 'gamma': 4.892829239738667, 'reg_alpha': 3.155914168314089, 'reg_lambda'
: 3.740143445934839}. Best is trial 16 with value: 0.13629574657020913.
[I 2026-05-15 20:23:40,142] Trial 20 finished with value: 0.17606724786131034 a
nd parameters: {'learning_rate': 0.13030631094373468, 'max_depth': 6, 'subsampl
e': 0.8321254954526076, 'colsample_bytree': 0.9354877406983801, 'min_child_weig
ht': 2, 'gamma': 1.0471781742069817, 'reg_alpha': 6.372601685745986, 'reg_lambd
a': 7.535933356184355}. Best is trial 16 with value: 0.13629574657020913.
[I 2026-05-15 20:23:41,876] Trial 21 finished with value: 0.13444082711275665 a
nd parameters: {'learning_rate': 0.013633069020188422, 'max_depth': 7, 'subsamp
le': 0.973225690561799, 'colsample_bytree': 0.8466355727228547, 'min_child_weig
ht': 1, 'gamma': 0.036757154863708896, 'reg_alpha': 1.2812781401233573, 'reg_la
mbda': 1.0099818549188921}. Best is trial 21 with value: 0.13444082711275665.
[I 2026-05-15 20:23:43,832] Trial 22 finished with value: 0.13333583497940274 a
nd parameters: {'learning_rate': 0.013006814133227759, 'max_depth': 7, 'subsamp
le': 0.8979028696441123, 'colsample_bytree': 0.8702476233866037, 'min_child_wei
ght': 2, 'gamma': 0.020505973255586698, 'reg_alpha': 0.9717178579978213, 'reg_l
ambda': 3.283945345130677}. Best is trial 22 with value: 0.13333583497940274.
[I 2026-05-15 20:23:45,014] Trial 23 finished with value: 0.15502669950681486 a
nd parameters: {'learning_rate': 0.016298791937173755, 'max_depth': 7, 'subsamp
le': 0.9095829939317508, 'colsample_bytree': 0.8053630054632016, 'min_child_wei
ght': 4, 'gamma': 0.4924100770381888, 'reg_alpha': 3.460045108950453, 'reg_lamb
da': 2.8382563305904593}. Best is trial 22 with value: 0.13333583497940274.
[I 2026-05-15 20:23:45,844] Trial 24 finished with value: 0.16280560904724645 a
nd parameters: {'learning_rate': 0.026793157088525164, 'max_depth': 7, 'subsamp
le': 0.9046016838705153, 'colsample_bytree': 0.8989099344373263, 'min_child_wei
ght': 2, 'gamma': 1.2258615310021024, 'reg_alpha': 1.7534767930852388, 'reg_lam
bda': 4.674307337657066}. Best is trial 22 with value: 0.13333583497940274.
[I 2026-05-15 20:23:47,188] Trial 25 finished with value: 0.15333581943179514 a
nd parameters: {'learning_rate': 0.013890307944061608, 'max_depth': 7, 'subsamp
le': 0.8272508414932838, 'colsample_bytree': 0.8194955485584698, 'min_child_wei
ght': 3, 'gamma': 0.4436757523761022, 'reg_alpha': 2.860795317241698, 'reg_lamb
da': 5.857294428639229}. Best is trial 22 with value: 0.13333583497940274.
[I 2026-05-15 20:23:47,900] Trial 26 finished with value: 0.1697015308853965 an
d parameters: {'learning_rate': 0.024811835484148153, 'max_depth': 6, 'subsampl
e': 0.9596683846781747, 'colsample_bytree': 0.8765634251159604, 'min_child_weig
ht': 5, 'gamma': 1.8865669913407632, 'reg_alpha': 0.996647329910351, 'reg_lambd
a': 2.9615365050253053}. Best is trial 22 with value: 0.13333583497940274.
[I 2026-05-15 20:23:48,939] Trial 27 finished with value: 0.15298909334623123 a
nd parameters: {'learning_rate': 0.040711833187120364, 'max_depth': 8, 'subsamp
le': 0.7651562191144273, 'colsample_bytree': 0.7662012939551888, 'min_child_wei
ght': 2, 'gamma': 0.3174104682656677, 'reg_alpha': 4.214647726959226, 'reg_lamb
da': 2.620066025937331}. Best is trial 22 with value: 0.13333583497940274.
[I 2026-05-15 20:23:50,167] Trial 28 finished with value: 0.15489188371795287 a
nd parameters: {'learning_rate': 0.014333759229169773, 'max_depth': 5, 'subsamp
le': 0.8851112105534301, 'colsample_bytree': 0.9974382145845835, 'min_child_wei
ght': 7, 'gamma': 0.846673797893328, 'reg_alpha': 1.1460916309904945, 'reg_lamb
da': 4.36720260936949}. Best is trial 22 with value: 0.13333583497940274.
[I 2026-05-15 20:23:51,455] Trial 29 finished with value: 0.1418743405697493 an
d parameters: {'learning_rate': 0.02472749899898967, 'max_depth': 4, 'subsample
': 0.7596508073324921, 'colsample_bytree': 0.9489396965257474, 'min_child_weigh
t': 3, 'gamma': 0.015027284841898246, 'reg_alpha': 4.928590348981183, 'reg_lamb
da': 8.669644519279837}. Best is trial 22 with value: 0.13333583497940274.
Training data shape after outlier removal: (1166, 293)
Validation data shape: (292, 293)

Best params:
learning_rate: 0.013006814133227759
max_depth: 7
subsample: 0.8979028696441123
colsample_bytree: 0.8702476233866037
min_child_weight: 2
gamma: 0.020505973255586698
reg_alpha: 0.9717178579978213
reg_lambda: 3.283945345130677
Best validation RMSLE: 0.133336
RMSLE train: 0.075799
RMSLE val: 0.133336

Top 10 feature importances:
QualArea: 5.725409
OverallQual: 4.921576
TotalSF: 1.378217
BsmtQual_Ex: 1.106745
CentralAir_Y: 0.584494
CentralAir_N: 0.485137
MSZoning_RM: 0.323419
KitchenQual_TA: 0.304056
Neighborhood_Gilbert: 0.288144
TotalBath: 0.268825
